<?xml version="1.0" encoding="UTF-8"?>
<testng-results skipped="0" failed="0" total="1" passed="1">
  <reporter-output>
  </reporter-output>
  <suite name="Suite" duration-ms="85472" started-at="2019-07-12T13:38:42Z" finished-at="2019-07-12T13:40:07Z">
    <groups>
    </groups>
    <test name="Test" duration-ms="85472" started-at="2019-07-12T13:38:42Z" finished-at="2019-07-12T13:40:07Z">
      <class name="com.snaptravel.hotelbooking.test.TestHotelBooking">
        <test-method status="PASS" signature="beforeMethod()[pri:0, instance:com.snaptravel.hotelbooking.test.TestHotelBooking@7b3300e5]" name="beforeMethod" is-config="true" duration-ms="7007" started-at="2019-07-12T09:38:42Z" finished-at="2019-07-12T09:38:49Z">
          <reporter-output>
          </reporter-output>
        </test-method> <!-- beforeMethod -->
        <test-method status="PASS" signature="testLogin()[pri:0, instance:com.snaptravel.hotelbooking.test.TestHotelBooking@7b3300e5]" name="testLogin" duration-ms="77446" started-at="2019-07-12T09:38:49Z" description="Logs in with valid credentials" finished-at="2019-07-12T09:40:06Z">
          <reporter-output>
          </reporter-output>
        </test-method> <!-- testLogin -->
        <test-method status="PASS" signature="afterMethod(org.testng.ITestResult)[pri:0, instance:com.snaptravel.hotelbooking.test.TestHotelBooking@7b3300e5]" name="afterMethod" is-config="true" duration-ms="1011" started-at="2019-07-12T09:40:06Z" finished-at="2019-07-12T09:40:07Z">
          <params>
            <param index="0">
              <value>
                <![CDATA[[TestResult name=testLogin status=SUCCESS method=TestHotelBooking.testLogin()[pri:0, instance:com.snaptravel.hotelbooking.test.TestHotelBooking@7b3300e5] output={null}]]]>
              </value>
            </param>
          </params>
          <reporter-output>
          </reporter-output>
        </test-method> <!-- afterMethod -->
      </class> <!-- com.snaptravel.hotelbooking.test.TestHotelBooking -->
    </test> <!-- Test -->
  </suite> <!-- Suite -->
</testng-results>
